<?xml version="1.0" encoding="UTF-8"?>
<testsuite name="com.bridgelabz.facebook.scripts.Spotify" tests="1" skipped="0" failures="0" errors="0" timestamp="2020-02-08T07:26:28" hostname="DESKTOP-DSNLESO" time="8.492">
  <properties/>
  <testcase name="givenSpotify_WhenTokenIsCorrect_ShouldReturnSuccessCode" classname="com.bridgelabz.facebook.scripts.Spotify" time="8.492"/>
  <system-out><![CDATA[ID====>a4y3i037anwsw8w1qwcvbgm1c
count====>15
playlistid====>3NFGfQSacFPpJRgDhkH426
{
    "href": "https://api.spotify.com/v1/users/a4y3i037anwsw8w1qwcvbgm1c/playlists?offset=0&limit=20",
    "items": [
        {
            "collaborative": false,
            "description": "my pold song",
            "external_urls": {
                "spotify": "https://open.spotify.com/playlist/3NFGfQSacFPpJRgDhkH426"
            },
            "href": "https://api.spotify.com/v1/playlists/3NFGfQSacFPpJRgDhkH426",
            "id": "3NFGfQSacFPpJRgDhkH426",
            "images": [
                
            ],
            "name": "Old song",
            "owner": {
                "display_name": "ajju",
                "external_urls": {
                    "spotify": "https://open.spotify.com/user/a4y3i037anwsw8w1qwcvbgm1c"
                },
                "href": "https://api.spotify.com/v1/users/a4y3i037anwsw8w1qwcvbgm1c",
                "id": "a4y3i037anwsw8w1qwcvbgm1c",
                "type": "user",
                "uri": "spotify:user:a4y3i037anwsw8w1qwcvbgm1c"
            },
            "primary_color": null,
            "public": false,
            "snapshot_id": "MixhOTg5YjkwMDM3Njg1MDllNGQ5ZTYxYjc4MDFlMjk2MDMxOTI3YjA0",
            "tracks": {
                "href": "https://api.spotify.com/v1/playlists/3NFGfQSacFPpJRgDhkH426/tracks",
                "total": 0
            },
            "type": "playlist",
            "uri": "spotify:playlist:3NFGfQSacFPpJRgDhkH426"
        },
        {
            "collaborative": false,
            "description": "my pold song",
            "external_urls": {
                "spotify": "https://open.spotify.com/playlist/21B9T3aAJaqUEuP3RHtjal"
            },
            "href": "https://api.spotify.com/v1/playlists/21B9T3aAJaqUEuP3RHtjal",
            "id": "21B9T3aAJaqUEuP3RHtjal",
            "images": [
                
            ],
            "name": "Old song",
            "owner": {
                "display_name": "ajju",
                "external_urls": {
                    "spotify": "https://open.spotify.com/user/a4y3i037anwsw8w1qwcvbgm1c"
                },
                "href": "https://api.spotify.com/v1/users/a4y3i037anwsw8w1qwcvbgm1c",
                "id": "a4y3i037anwsw8w1qwcvbgm1c",
                "type": "user",
                "uri": "spotify:user:a4y3i037anwsw8w1qwcvbgm1c"
            },
            "primary_color": null,
            "public": false,
            "snapshot_id": "MixmY2FhYjQwMjNmN2YzN2FhNmRiMDM1YmM5OTUzMTJiOTNjZWJmZDVh",
            "tracks": {
                "href": "https://api.spotify.com/v1/playlists/21B9T3aAJaqUEuP3RHtjal/tracks",
                "total": 0
            },
            "type": "playlist",
            "uri": "spotify:playlist:21B9T3aAJaqUEuP3RHtjal"
        },
        {
            "collaborative": false,
            "description": "my pold song",
            "external_urls": {
                "spotify": "https://open.spotify.com/playlist/5HWooK7Zd7GMn7jd89SY5p"
            },
            "href": "https://api.spotify.com/v1/playlists/5HWooK7Zd7GMn7jd89SY5p",
            "id": "5HWooK7Zd7GMn7jd89SY5p",
            "images": [
                
            ],
            "name": "Old song",
            "owner": {
                "display_name": "ajju",
                "external_urls": {
                    "spotify": "https://open.spotify.com/user/a4y3i037anwsw8w1qwcvbgm1c"
                },
                "href": "https://api.spotify.com/v1/users/a4y3i037anwsw8w1qwcvbgm1c",
                "id": "a4y3i037anwsw8w1qwcvbgm1c",
                "type": "user",
                "uri": "spotify:user:a4y3i037anwsw8w1qwcvbgm1c"
            },
            "primary_color": null,
            "public": false,
            "snapshot_id": "MixlN2UwNDFhYWQ5ZGI5OTUxODYxNWNhNDgyMjA4ZjQyYzg5Mjk4NDQw",
            "tracks": {
                "href": "https://api.spotify.com/v1/playlists/5HWooK7Zd7GMn7jd89SY5p/tracks",
                "total": 0
            },
            "type": "playlist",
            "uri": "spotify:playlist:5HWooK7Zd7GMn7jd89SY5p"
        },
        {
            "collaborative": false,
            "description": "my pold song",
            "external_urls": {
                "spotify": "https://open.spotify.com/playlist/64jPNtNczuQaYbZaqhVmvs"
            },
            "href": "https://api.spotify.com/v1/playlists/64jPNtNczuQaYbZaqhVmvs",
            "id": "64jPNtNczuQaYbZaqhVmvs",
            "images": [
                
            ],
            "name": "Old song",
            "owner": {
                "display_name": "ajju",
                "external_urls": {
                    "spotify": "https://open.spotify.com/user/a4y3i037anwsw8w1qwcvbgm1c"
                },
                "href": "https://api.spotify.com/v1/users/a4y3i037anwsw8w1qwcvbgm1c",
                "id": "a4y3i037anwsw8w1qwcvbgm1c",
                "type": "user",
                "uri": "spotify:user:a4y3i037anwsw8w1qwcvbgm1c"
            },
            "primary_color": null,
            "public": false,
            "snapshot_id": "MixkY2YxMTQ0Y2IwZGM2NzU1OTQyN2FmNjZlNzg1MDVlZTEyODU5MjQw",
            "tracks": {
                "href": "https://api.spotify.com/v1/playlists/64jPNtNczuQaYbZaqhVmvs/tracks",
                "total": 0
            },
            "type": "playlist",
            "uri": "spotify:playlist:64jPNtNczuQaYbZaqhVmvs"
        },
        {
            "collaborative": false,
            "description": "my pold song",
            "external_urls": {
                "spotify": "https://open.spotify.com/playlist/72n0lxghYiLegnCgErtFho"
            },
            "href": "https://api.spotify.com/v1/playlists/72n0lxghYiLegnCgErtFho",
            "id": "72n0lxghYiLegnCgErtFho",
            "images": [
                
            ],
            "name": "Old song",
            "owner": {
                "display_name": "ajju",
                "external_urls": {
                    "spotify": "https://open.spotify.com/user/a4y3i037anwsw8w1qwcvbgm1c"
                },
                "href": "https://api.spotify.com/v1/users/a4y3i037anwsw8w1qwcvbgm1c",
                "id": "a4y3i037anwsw8w1qwcvbgm1c",
                "type": "user",
                "uri": "spotify:user:a4y3i037anwsw8w1qwcvbgm1c"
            },
            "primary_color": null,
            "public": false,
            "snapshot_id": "Miw0MDUyNjczMjUyMjc1MmRhYzdiNjhiNDdhMmQxYzBjZDFhNWQ5ZTZm",
            "tracks": {
                "href": "https://api.spotify.com/v1/playlists/72n0lxghYiLegnCgErtFho/tracks",
                "total": 0
            },
            "type": "playlist",
            "uri": "spotify:playlist:72n0lxghYiLegnCgErtFho"
        },
        {
            "collaborative": false,
            "description": "my pold song",
            "external_urls": {
                "spotify": "https://open.spotify.com/playlist/775RgUk7qgc5TLZJKmSZwc"
            },
            "href": "https://api.spotify.com/v1/playlists/775RgUk7qgc5TLZJKmSZwc",
            "id": "775RgUk7qgc5TLZJKmSZwc",
            "images": [
                
            ],
            "name": "Old song",
            "owner": {
                "display_name": "ajju",
                "external_urls": {
                    "spotify": "https://open.spotify.com/user/a4y3i037anwsw8w1qwcvbgm1c"
                },
                "href": "https://api.spotify.com/v1/users/a4y3i037anwsw8w1qwcvbgm1c",
                "id": "a4y3i037anwsw8w1qwcvbgm1c",
                "type": "user",
                "uri": "spotify:user:a4y3i037anwsw8w1qwcvbgm1c"
            },
            "primary_color": null,
            "public": false,
            "snapshot_id": "MixmYTIwOTAyNDBjYzAyMzEwODQxMTE3OWUzY2U3NTliZTY4ZjlmYjM2",
            "tracks": {
                "href": "https://api.spotify.com/v1/playlists/775RgUk7qgc5TLZJKmSZwc/tracks",
                "total": 0
            },
            "type": "playlist",
            "uri": "spotify:playlist:775RgUk7qgc5TLZJKmSZwc"
        },
        {
            "collaborative": false,
            "description": "my pold song",
            "external_urls": {
                "spotify": "https://open.spotify.com/playlist/43rqMwPa94pQNdnt5JBTf8"
            },
            "href": "https://api.spotify.com/v1/playlists/43rqMwPa94pQNdnt5JBTf8",
            "id": "43rqMwPa94pQNdnt5JBTf8",
            "images": [
                
            ],
            "name": "Old song",
            "owner": {
                "display_name": "ajju",
                "external_urls": {
                    "spotify": "https://open.spotify.com/user/a4y3i037anwsw8w1qwcvbgm1c"
                },
                "href": "https://api.spotify.com/v1/users/a4y3i037anwsw8w1qwcvbgm1c",
                "id": "a4y3i037anwsw8w1qwcvbgm1c",
                "type": "user",
                "uri": "spotify:user:a4y3i037anwsw8w1qwcvbgm1c"
            },
            "primary_color": null,
            "public": false,
            "snapshot_id": "MixmM2RkZWY0MjY4NGI0YzExOTcxODQ1M2M4NDUyNzIwNGI0MGJkZGYw",
            "tracks": {
                "href": "https://api.spotify.com/v1/playlists/43rqMwPa94pQNdnt5JBTf8/tracks",
                "total": 0
            },
            "type": "playlist",
            "uri": "spotify:playlist:43rqMwPa94pQNdnt5JBTf8"
        },
        {
            "collaborative": false,
            "description": "my pold song",
            "external_urls": {
                "spotify": "https://open.spotify.com/playlist/6xwRjBHcaai3RDPfotSD7r"
            },
            "href": "https://api.spotify.com/v1/playlists/6xwRjBHcaai3RDPfotSD7r",
            "id": "6xwRjBHcaai3RDPfotSD7r",
            "images": [
                
            ],
            "name": "Old song",
            "owner": {
                "display_name": "ajju",
                "external_urls": {
                    "spotify": "https://open.spotify.com/user/a4y3i037anwsw8w1qwcvbgm1c"
                },
                "href": "https://api.spotify.com/v1/users/a4y3i037anwsw8w1qwcvbgm1c",
                "id": "a4y3i037anwsw8w1qwcvbgm1c",
                "type": "user",
                "uri": "spotify:user:a4y3i037anwsw8w1qwcvbgm1c"
            },
            "primary_color": null,
            "public": false,
            "snapshot_id": "MixkNTQ2NTU3YjRjOWZlZmE1MGFiZmFjMDg2M2FlYzJjYWJmMTE3NmJj",
            "tracks": {
                "href": "https://api.spotify.com/v1/playlists/6xwRjBHcaai3RDPfotSD7r/tracks",
                "total": 0
            },
            "type": "playlist",
            "uri": "spotify:playlist:6xwRjBHcaai3RDPfotSD7r"
        },
        {
            "collaborative": false,
            "description": "my pold song",
            "external_urls": {
                "spotify": "https://open.spotify.com/playlist/1BblkrkbzMyB43O3XxnsnL"
            },
            "href": "https://api.spotify.com/v1/playlists/1BblkrkbzMyB43O3XxnsnL",
            "id": "1BblkrkbzMyB43O3XxnsnL",
            "images": [
                
            ],
            "name": "Old song",
            "owner": {
                "display_name": "ajju",
                "external_urls": {
                    "spotify": "https://open.spotify.com/user/a4y3i037anwsw8w1qwcvbgm1c"
                },
                "href": "https://api.spotify.com/v1/users/a4y3i037anwsw8w1qwcvbgm1c",
                "id": "a4y3i037anwsw8w1qwcvbgm1c",
                "type": "user",
                "uri": "spotify:user:a4y3i037anwsw8w1qwcvbgm1c"
            },
            "primary_color": null,
            "public": false,
            "snapshot_id": "MixiNmQzMTgwOTllNDMxY2ZlY2Q4OTgwZjQwZDhmNjc5NjJjZmRmM2Ni",
            "tracks": {
                "href": "https://api.spotify.com/v1/playlists/1BblkrkbzMyB43O3XxnsnL/tracks",
                "total": 0
            },
            "type": "playlist",
            "uri": "spotify:playlist:1BblkrkbzMyB43O3XxnsnL"
        },
        {
            "collaborative": false,
            "description": "my pold song",
            "external_urls": {
                "spotify": "https://open.spotify.com/playlist/7LtzuZzAF8jN5bpxJy2vmL"
            },
            "href": "https://api.spotify.com/v1/playlists/7LtzuZzAF8jN5bpxJy2vmL",
            "id": "7LtzuZzAF8jN5bpxJy2vmL",
            "images": [
                
            ],
            "name": "Old song",
            "owner": {
                "display_name": "ajju",
                "external_urls": {
                    "spotify": "https://open.spotify.com/user/a4y3i037anwsw8w1qwcvbgm1c"
                },
                "href": "https://api.spotify.com/v1/users/a4y3i037anwsw8w1qwcvbgm1c",
                "id": "a4y3i037anwsw8w1qwcvbgm1c",
                "type": "user",
                "uri": "spotify:user:a4y3i037anwsw8w1qwcvbgm1c"
            },
            "primary_color": null,
            "public": false,
            "snapshot_id": "Miw5YTViNDI5NzUyODM4Mzk1NjYwM2RjYjRlNTBkZTQxZTE5ZTRiY2Y5",
            "tracks": {
                "href": "https://api.spotify.com/v1/playlists/7LtzuZzAF8jN5bpxJy2vmL/tracks",
                "total": 0
            },
            "type": "playlist",
            "uri": "spotify:playlist:7LtzuZzAF8jN5bpxJy2vmL"
        },
        {
            "collaborative": false,
            "description": "Updated playlist description",
            "external_urls": {
                "spotify": "https://open.spotify.com/playlist/6KZsAtvUCTDzXTbicIq5mJ"
            },
            "href": "https://api.spotify.com/v1/playlists/6KZsAtvUCTDzXTbicIq5mJ",
            "id": "6KZsAtvUCTDzXTbicIq5mJ",
            "images": [
                
            ],
            "name": "Atif collection",
            "owner": {
                "display_name": "ajju",
                "external_urls": {
                    "spotify": "https://open.spotify.com/user/a4y3i037anwsw8w1qwcvbgm1c"
                },
                "href": "https://api.spotify.com/v1/users/a4y3i037anwsw8w1qwcvbgm1c",
                "id": "a4y3i037anwsw8w1qwcvbgm1c",
                "type": "user",
                "uri": "spotify:user:a4y3i037anwsw8w1qwcvbgm1c"
            },
            "primary_color": null,
            "public": false,
            "snapshot_id": "OCw1MDk5Yzk5ZTgyNjg0Nzg3MjM5ODU5ZTUzZTJlN2Q3MWQ1NWQzODk4",
            "tracks": {
                "href": "https://api.spotify.com/v1/playlists/6KZsAtvUCTDzXTbicIq5mJ/tracks",
                "total": 0
            },
            "type": "playlist",
            "uri": "spotify:playlist:6KZsAtvUCTDzXTbicIq5mJ"
        },
        {
            "collaborative": false,
            "description": "my pold song",
            "external_urls": {
                "spotify": "https://open.spotify.com/playlist/4VJifRth801ZD5Ksyu5E7K"
            },
            "href": "https://api.spotify.com/v1/playlists/4VJifRth801ZD5Ksyu5E7K",
            "id": "4VJifRth801ZD5Ksyu5E7K",
            "images": [
                
            ],
            "name": "Old song",
            "owner": {
                "display_name": "ajju",
                "external_urls": {
                    "spotify": "https://open.spotify.com/user/a4y3i037anwsw8w1qwcvbgm1c"
                },
                "href": "https://api.spotify.com/v1/users/a4y3i037anwsw8w1qwcvbgm1c",
                "id": "a4y3i037anwsw8w1qwcvbgm1c",
                "type": "user",
                "uri": "spotify:user:a4y3i037anwsw8w1qwcvbgm1c"
            },
            "primary_color": null,
            "public": false,
            "snapshot_id": "MiwwMzk3MTM5MDNiYzhmOTIzNjg3YzdhNGM1YmJhNzQ4Y2NjYzUzNjhi",
            "tracks": {
                "href": "https://api.spotify.com/v1/playlists/4VJifRth801ZD5Ksyu5E7K/tracks",
                "total": 0
            },
            "type": "playlist",
            "uri": "spotify:playlist:4VJifRth801ZD5Ksyu5E7K"
        },
        {
            "collaborative": false,
            "description": "my pold song",
            "external_urls": {
                "spotify": "https://open.spotify.com/playlist/0m1kX8u5hWrkjLeOAdwwwJ"
            },
            "href": "https://api.spotify.com/v1/playlists/0m1kX8u5hWrkjLeOAdwwwJ",
            "id": "0m1kX8u5hWrkjLeOAdwwwJ",
            "images": [
                
            ],
            "name": "Old song",
            "owner": {
                "display_name": "ajju",
                "external_urls": {
                    "spotify": "https://open.spotify.com/user/a4y3i037anwsw8w1qwcvbgm1c"
                },
                "href": "https://api.spotify.com/v1/users/a4y3i037anwsw8w1qwcvbgm1c",
                "id": "a4y3i037anwsw8w1qwcvbgm1c",
                "type": "user",
                "uri": "spotify:user:a4y3i037anwsw8w1qwcvbgm1c"
            },
            "primary_color": null,
            "public": false,
            "snapshot_id": "MixmMjIxMTIyNTc3Zjk4MGU5MDZmNzEwZjE2OGFmMDI5MjM1ZTJiZWEz",
            "tracks": {
                "href": "https://api.spotify.com/v1/playlists/0m1kX8u5hWrkjLeOAdwwwJ/tracks",
                "total": 0
            },
            "type": "playlist",
            "uri": "spotify:playlist:0m1kX8u5hWrkjLeOAdwwwJ"
        },
        {
            "collaborative": false,
            "description": "my pold song",
            "external_urls": {
                "spotify": "https://open.spotify.com/playlist/4LDznRf56ZvwWcmeYSuyFu"
            },
            "href": "https://api.spotify.com/v1/playlists/4LDznRf56ZvwWcmeYSuyFu",
            "id": "4LDznRf56ZvwWcmeYSuyFu",
            "images": [
                
            ],
            "name": "Old song",
            "owner": {
                "display_name": "ajju",
                "external_urls": {
                    "spotify": "https://open.spotify.com/user/a4y3i037anwsw8w1qwcvbgm1c"
                },
                "href": "https://api.spotify.com/v1/users/a4y3i037anwsw8w1qwcvbgm1c",
                "id": "a4y3i037anwsw8w1qwcvbgm1c",
                "type": "user",
                "uri": "spotify:user:a4y3i037anwsw8w1qwcvbgm1c"
            },
            "primary_color": null,
            "public": false,
            "snapshot_id": "MixlMjM1M2QxMjhiMGY0MzE0MDQ3ZWYzMDhlY2M0MDA1OTkwYzNlOTFm",
            "tracks": {
                "href": "https://api.spotify.com/v1/playlists/4LDznRf56ZvwWcmeYSuyFu/tracks",
                "total": 0
            },
            "type": "playlist",
            "uri": "spotify:playlist:4LDznRf56ZvwWcmeYSuyFu"
        },
        {
            "collaborative": false,
            "description": "new song playlist",
            "external_urls": {
                "spotify": "https://open.spotify.com/playlist/3xnz26XVHegjJU3bq6HdpW"
            },
            "href": "https://api.spotify.com/v1/playlists/3xnz26XVHegjJU3bq6HdpW",
            "id": "3xnz26XVHegjJU3bq6HdpW",
            "images": [
                
            ],
            "name": "New Songs",
            "owner": {
                "display_name": "ajju",
                "external_urls": {
                    "spotify": "https://open.spotify.com/user/a4y3i037anwsw8w1qwcvbgm1c"
                },
                "href": "https://api.spotify.com/v1/users/a4y3i037anwsw8w1qwcvbgm1c",
                "id": "a4y3i037anwsw8w1qwcvbgm1c",
                "type": "user",
                "uri": "spotify:user:a4y3i037anwsw8w1qwcvbgm1c"
            },
            "primary_color": null,
            "public": false,
            "snapshot_id": "MixkMTMxODI5OWJjZWQ1ZmYyZDJkYjE2NDFlMmEwNTRhMWVlM2RmOGY4",
            "tracks": {
                "href": "https://api.spotify.com/v1/playlists/3xnz26XVHegjJU3bq6HdpW/tracks",
                "total": 0
            },
            "type": "playlist",
            "uri": "spotify:playlist:3xnz26XVHegjJU3bq6HdpW"
        },
        {
            "collaborative": false,
            "description": "New playlist description",
            "external_urls": {
                "spotify": "https://open.spotify.com/playlist/4d6vIpTAvpXIlaQCPQCYcq"
            },
            "href": "https://api.spotify.com/v1/playlists/4d6vIpTAvpXIlaQCPQCYcq",
            "id": "4d6vIpTAvpXIlaQCPQCYcq",
            "images": [
                
            ],
            "name": "New Playlist",
            "owner": {
                "display_name": "ajju",
                "external_urls": {
                    "spotify": "https://open.spotify.com/user/a4y3i037anwsw8w1qwcvbgm1c"
                },
                "href": "https://api.spotify.com/v1/users/a4y3i037anwsw8w1qwcvbgm1c",
                "id": "a4y3i037anwsw8w1qwcvbgm1c",
                "type": "user",
                "uri": "spotify:user:a4y3i037anwsw8w1qwcvbgm1c"
            },
            "primary_color": null,
            "public": false,
            "snapshot_id": "Miw4MjFlYmFhYjE4NmI1YTdlYTUxOTk3NGY3YTgzNWJiODBlMWRmZmY1",
            "tracks": {
                "href": "https://api.spotify.com/v1/playlists/4d6vIpTAvpXIlaQCPQCYcq/tracks",
                "total": 0
            },
            "type": "playlist",
            "uri": "spotify:playlist:4d6vIpTAvpXIlaQCPQCYcq"
        }
    ],
    "limit": 20,
    "next": null,
    "offset": 0,
    "previous": null,
    "total": 16
}
]]></system-out>
  <system-err><![CDATA[]]></system-err>
</testsuite>
